
========================[ Nov 12, 2013  1:24 PM ]========================
Version 2.2.22 [Sep-27-2009]
Started database file "../source/p31comet_result_2_filtered.fa"
Formatted 65 sequences in volume 0
SUCCESS: formatted database ../source/p31comet_for_blast_db

========================[ Dec 21, 2017  7:31 PM ]========================
Version 2.2.22 [Sep-27-2009]
Started database file "../source/I-set_result_2_filtered.fa"
FDBFinish: Empty protein database...
SUCCESS: formatted database ../source/I-set_for_blast_db

========================[ Dec 21, 2017  7:34 PM ]========================
Version 2.2.22 [Sep-27-2009]
Started database file "../source/I-set_result_2_filtered.fa"
FDBFinish: Empty protein database...
SUCCESS: formatted database ../source/I-set_for_blast_db

========================[ Dec 21, 2017  7:46 PM ]========================
Version 2.2.22 [Sep-27-2009]
Started database file "../source/I-set_result_2_filtered.fa"
FDBFinish: Empty protein database...
SUCCESS: formatted database ../source/I-set_for_blast_db

========================[ Dec 21, 2017  7:47 PM ]========================
Version 2.2.22 [Sep-27-2009]
Started database file "../source/I-set_result_2_filtered.fa"
FDBFinish: Empty protein database...
SUCCESS: formatted database ../source/I-set_for_blast_db

========================[ Dec 21, 2017  8:32 PM ]========================
Version 2.2.22 [Sep-27-2009]
Started database file "../source/I-set_result_2_filtered.fa"
FDBFinish: Empty protein database...
SUCCESS: formatted database ../source/I-set_for_blast_db

========================[ Dec 28, 2017  6:43 PM ]========================
Version 2.2.22 [Sep-27-2009]
Started database file "../source/I-set_result_2_filtered.fa"
FDBFinish: Empty protein database...
SUCCESS: formatted database ../source/I-set_for_blast_db

========================[ Dec 28, 2017  7:01 PM ]========================
Version 2.2.22 [Sep-27-2009]
Started database file "../source/I-set_result_2_filtered.fa"
FDBFinish: Empty protein database...
SUCCESS: formatted database ../source/I-set_for_blast_db

========================[ Dec 28, 2017  7:08 PM ]========================
Version 2.2.22 [Sep-27-2009]
Started database file "../source/I-set_result_2_filtered.fa"
FDBFinish: Empty protein database...
SUCCESS: formatted database ../source/I-set_for_blast_db

========================[ Dec 28, 2017  7:12 PM ]========================
Version 2.2.22 [Sep-27-2009]
Started database file "../source/I-set_result_2_filtered.fa"
FDBFinish: Empty protein database...
SUCCESS: formatted database ../source/I-set_for_blast_db

========================[ Dec 28, 2017  7:13 PM ]========================
Version 2.2.22 [Sep-27-2009]
Started database file "../source/I-set_result_2_filtered.fa"
FDBFinish: Empty protein database...
SUCCESS: formatted database ../source/I-set_for_blast_db

========================[ Dec 28, 2017  7:14 PM ]========================
Version 2.2.22 [Sep-27-2009]
Started database file "../source/p31comet_result_2_filtered.fa"
Formatted 143 sequences in volume 0
SUCCESS: formatted database ../source/p31comet_for_blast_db

========================[ Dec 28, 2017  9:35 PM ]========================
Version 2.2.22 [Sep-27-2009]
Started database file "../source/p31comet_result_2_filtered.fa"
Formatted 143 sequences in volume 0
SUCCESS: formatted database ../source/p31comet_for_blast_db

========================[ Dec 28, 2017  9:52 PM ]========================
Version 2.2.22 [Sep-27-2009]
Started database file "../source/p31comet_result_2_filtered.fa"
Formatted 143 sequences in volume 0
SUCCESS: formatted database ../source/p31comet_for_blast_db

========================[ Dec 28, 2017 10:18 PM ]========================
Version 2.2.22 [Sep-27-2009]
Started database file "../source/p31comet_result_2_filtered.fa"
Formatted 143 sequences in volume 0
SUCCESS: formatted database ../source/p31comet_for_blast_db

========================[ Dec 28, 2017 10:27 PM ]========================
Version 2.2.22 [Sep-27-2009]
Started database file "../source/p31comet_result_2_filtered.fa"
Formatted 143 sequences in volume 0
SUCCESS: formatted database ../source/p31comet_for_blast_db

========================[ Dec 28, 2017 10:32 PM ]========================
Version 2.2.22 [Sep-27-2009]
Started database file "../source/p31comet_result_2_filtered.fa"
Formatted 143 sequences in volume 0
SUCCESS: formatted database ../source/p31comet_for_blast_db

========================[ Dec 28, 2017 10:33 PM ]========================
Version 2.2.22 [Sep-27-2009]
Started database file "../source/p31comet_result_2_filtered.fa"
Formatted 143 sequences in volume 0
SUCCESS: formatted database ../source/p31comet_for_blast_db

========================[ Dec 29, 2017  3:42 PM ]========================
Version 2.2.22 [Sep-27-2009]
Started database file "../source/[p31comet]_result_2_filtered.fa"
FDBFinish: Empty protein database...
SUCCESS: formatted database ../source/[p31comet]_for_blast_db

========================[ Dec 29, 2017  4:15 PM ]========================
Version 2.2.22 [Sep-27-2009]
Started database file "../source/p31comet_result_2_filtered.fa"
Formatted 143 sequences in volume 0
SUCCESS: formatted database ../source/p31comet_for_blast_db

========================[ Dec 29, 2017  4:19 PM ]========================
Version 2.2.22 [Sep-27-2009]
Started database file "../source/p31comet_result_2_filtered.fa"
Formatted 143 sequences in volume 0
SUCCESS: formatted database ../source/p31comet_for_blast_db

========================[ Dec 29, 2017  4:53 PM ]========================
Version 2.2.22 [Sep-27-2009]
Started database file "../source/p31comet_result_2_filtered.fa"
FDBFinish: Empty protein database...
SUCCESS: formatted database ../source/p31comet_for_blast_db

========================[ Dec 29, 2017  4:56 PM ]========================
Version 2.2.22 [Sep-27-2009]
Started database file "../source/p31comet_result_2_filtered.fa"
FDBFinish: Empty protein database...
SUCCESS: formatted database ../source/p31comet_for_blast_db

========================[ Dec 30, 2017  2:07 PM ]========================
Version 2.2.22 [Sep-27-2009]
Started database file "../source/p31comet_result_2_filtered.fa"
FDBFinish: Empty protein database...
SUCCESS: formatted database ../source/p31comet_for_blast_db

========================[ Dec 30, 2017  2:37 PM ]========================
Version 2.2.22 [Sep-27-2009]
Started database file "../source/p31comet_result_2_filtered.fa"
Formatted 142 sequences in volume 0
SUCCESS: formatted database ../source/p31comet_for_blast_db

========================[ Dec 30, 2017  2:39 PM ]========================
Version 2.2.22 [Sep-27-2009]
Started database file "../source/p31comet_result_2_filtered.fa"
Formatted 70 sequences in volume 0
SUCCESS: formatted database ../source/p31comet_for_blast_db

========================[ Dec 30, 2017  3:08 PM ]========================
Version 2.2.22 [Sep-27-2009]
Started database file "../source/p31comet_result_2_filtered.fa"
Formatted 142 sequences in volume 0
SUCCESS: formatted database ../source/p31comet_for_blast_db

========================[ Dec 30, 2017  3:13 PM ]========================
Version 2.2.22 [Sep-27-2009]
Started database file "../source/p31comet_result_2_filtered.fa"
Formatted 143 sequences in volume 0
SUCCESS: formatted database ../source/p31comet_for_blast_db

========================[ Dec 30, 2017  3:17 PM ]========================
Version 2.2.22 [Sep-27-2009]
Started database file "../source/p31comet_result_2_filtered.fa"
Formatted 143 sequences in volume 0
SUCCESS: formatted database ../source/p31comet_for_blast_db

========================[ Dec 30, 2017  3:31 PM ]========================
Version 2.2.22 [Sep-27-2009]
Started database file "../source/Ig_3_result_2_filtered.fa"
Formatted 197 sequences in volume 0
SUCCESS: formatted database ../source/Ig_3_for_blast_db

========================[ Dec 30, 2017  3:48 PM ]========================
Version 2.2.22 [Sep-27-2009]
Started database file "../source/Ig_3_result_2_filtered.fa"
Formatted 193 sequences in volume 0
SUCCESS: formatted database ../source/Ig_3_for_blast_db

========================[ Dec 30, 2017  4:11 PM ]========================
Version 2.2.22 [Sep-27-2009]
Started database file "../source/Ig_3_result_2_filtered.fa"
Formatted 197 sequences in volume 0
SUCCESS: formatted database ../source/Ig_3_for_blast_db

========================[ Dec 30, 2017  4:16 PM ]========================
Version 2.2.22 [Sep-27-2009]
Started database file "../source/p31comet_result_2_filtered.fa"
Formatted 63 sequences in volume 0
SUCCESS: formatted database ../source/p31comet_for_blast_db

========================[ Dec 30, 2017  4:21 PM ]========================
Version 2.2.22 [Sep-27-2009]
Started database file "../source/p31comet_result_2_filtered.fa"
FDBFinish: Empty protein database...
SUCCESS: formatted database ../source/p31comet_for_blast_db

========================[ Dec 30, 2017  4:22 PM ]========================
Version 2.2.22 [Sep-27-2009]
Started database file "../source/p31comet_result_2_filtered.fa"
Formatted 143 sequences in volume 0
SUCCESS: formatted database ../source/p31comet_for_blast_db

========================[ Dec 30, 2017  4:26 PM ]========================
Version 2.2.22 [Sep-27-2009]
Started database file "../source/p31comet_result_2_filtered.fa"
Formatted 67 sequences in volume 0
SUCCESS: formatted database ../source/p31comet_for_blast_db

========================[ Dec 30, 2017  4:28 PM ]========================
Version 2.2.22 [Sep-27-2009]
Started database file "../source/p31comet_result_2_filtered.fa"
FDBFinish: Empty protein database...
SUCCESS: formatted database ../source/p31comet_for_blast_db

========================[ Dec 30, 2017  4:32 PM ]========================
Version 2.2.22 [Sep-27-2009]
Started database file "../source/p31comet_result_2_filtered.fa"
Formatted 67 sequences in volume 0
SUCCESS: formatted database ../source/p31comet_for_blast_db

========================[ Dec 30, 2017  4:33 PM ]========================
Version 2.2.22 [Sep-27-2009]
Started database file "../source/p31comet_result_2_filtered.fa"
Formatted 68 sequences in volume 0
SUCCESS: formatted database ../source/p31comet_for_blast_db

========================[ Dec 30, 2017  4:38 PM ]========================
Version 2.2.22 [Sep-27-2009]
Started database file "../source/p31comet_result_2_filtered.fa"
Formatted 71 sequences in volume 0
SUCCESS: formatted database ../source/p31comet_for_blast_db

========================[ Dec 30, 2017  4:40 PM ]========================
Version 2.2.22 [Sep-27-2009]
Started database file "../source/p31comet_result_2_filtered.fa"
Formatted 63 sequences in volume 0
SUCCESS: formatted database ../source/p31comet_for_blast_db

========================[ Dec 30, 2017  4:48 PM ]========================
Version 2.2.22 [Sep-27-2009]
Started database file "../source/p31comet_result_2_filtered.fa"
Formatted 64 sequences in volume 0
SUCCESS: formatted database ../source/p31comet_for_blast_db

========================[ Dec 30, 2017  4:49 PM ]========================
Version 2.2.22 [Sep-27-2009]
Started database file "../source/p31comet_result_2_filtered.fa"
Formatted 73 sequences in volume 0
SUCCESS: formatted database ../source/p31comet_for_blast_db

========================[ Dec 30, 2017  4:51 PM ]========================
Version 2.2.22 [Sep-27-2009]
Started database file "../source/p31comet_result_2_filtered.fa"
Formatted 68 sequences in volume 0
SUCCESS: formatted database ../source/p31comet_for_blast_db

========================[ Dec 30, 2017  4:54 PM ]========================
Version 2.2.22 [Sep-27-2009]
Started database file "../source/p31comet_result_2_filtered.fa"
Formatted 69 sequences in volume 0
SUCCESS: formatted database ../source/p31comet_for_blast_db

========================[ Dec 30, 2017  5:06 PM ]========================
Version 2.2.22 [Sep-27-2009]
Started database file "../source/Ig_3_result_2_filtered.fa"
Formatted 101 sequences in volume 0
SUCCESS: formatted database ../source/Ig_3_for_blast_db

========================[ Dec 30, 2017  5:30 PM ]========================
Version 2.2.22 [Sep-27-2009]
Started database file "../source/PV-1_result_2_filtered.fa"
Formatted 86 sequences in volume 0
SUCCESS: formatted database ../source/PV-1_for_blast_db

========================[ Dec 30, 2017 10:23 PM ]========================
Version 2.2.22 [Sep-27-2009]
Started database file "../source/PV-1_result_2_filtered.fa"
Formatted 86 sequences in volume 0
SUCCESS: formatted database ../source/PV-1_for_blast_db

========================[ Dec 30, 2017 10:25 PM ]========================
Version 2.2.22 [Sep-27-2009]
Started database file "../source/PV-1_result_2_filtered.fa"
Formatted 86 sequences in volume 0
SUCCESS: formatted database ../source/PV-1_for_blast_db

========================[ Dec 31, 2017 11:43 AM ]========================
Version 2.2.22 [Sep-27-2009]
Started database file "../source/PV-1_result_2_filtered.fa"
Formatted 86 sequences in volume 0
SUCCESS: formatted database ../source/PV-1_for_blast_db

========================[ Dec 31, 2017 11:48 AM ]========================
Version 2.2.22 [Sep-27-2009]
Started database file "../source/PV-1_result_2_filtered.fa"
Formatted 86 sequences in volume 0
SUCCESS: formatted database ../source/PV-1_for_blast_db

========================[ Dec 31, 2017 11:49 AM ]========================
Version 2.2.22 [Sep-27-2009]
Started database file "../source/PV-1_result_2_filtered.fa"
Formatted 86 sequences in volume 0
SUCCESS: formatted database ../source/PV-1_for_blast_db

========================[ Dec 31, 2017  5:15 PM ]========================
Version 2.2.22 [Sep-27-2009]
Started database file "../source/PV-1_result_2_filtered.fa"
Formatted 86 sequences in volume 0
SUCCESS: formatted database ../source/PV-1_for_blast_db

========================[ Dec 31, 2017  5:23 PM ]========================
Version 2.2.22 [Sep-27-2009]
Started database file "../source/PV-1_result_2_filtered.fa"
Formatted 86 sequences in volume 0
SUCCESS: formatted database ../source/PV-1_for_blast_db

========================[ Dec 31, 2017  8:07 PM ]========================
Version 2.2.22 [Sep-27-2009]
Started database file "../source/p31comet_result_2_filtered.fa"
Formatted 77 sequences in volume 0
SUCCESS: formatted database ../source/p31comet_for_blast_db

========================[ Dec 31, 2017  8:11 PM ]========================
Version 2.2.22 [Sep-27-2009]
Started database file "../source/p31comet_result_2_filtered.fa"
Formatted 73 sequences in volume 0
SUCCESS: formatted database ../source/p31comet_for_blast_db

========================[ Dec 31, 2017  8:13 PM ]========================
Version 2.2.22 [Sep-27-2009]
Started database file "../source/PV-1_result_2_filtered.fa"
Formatted 86 sequences in volume 0
SUCCESS: formatted database ../source/PV-1_for_blast_db

========================[ Dec 31, 2017  8:29 PM ]========================
Version 2.2.22 [Sep-27-2009]
Started database file "../source/PV-1_result_2_filtered.fa"
Formatted 86 sequences in volume 0
SUCCESS: formatted database ../source/PV-1_for_blast_db

========================[ Dec 31, 2017  8:31 PM ]========================
Version 2.2.22 [Sep-27-2009]
Started database file "../source/PV-1_result_2_filtered.fa"
Formatted 86 sequences in volume 0
SUCCESS: formatted database ../source/PV-1_for_blast_db

========================[ Jan 9, 2018 10:27 AM ]========================
Version 2.2.22 [Sep-27-2009]
Started database file "../source/p31comet_result_2_filtered.fa"
Formatted 143 sequences in volume 0
SUCCESS: formatted database ../source/p31comet_for_blast_db

========================[ Jan 9, 2018 10:32 AM ]========================
Version 2.2.22 [Sep-27-2009]
Started database file "../source/p31comet_result_2_filtered.fa"
Formatted 66 sequences in volume 0
SUCCESS: formatted database ../source/p31comet_for_blast_db

========================[ Jan 9, 2018 10:33 AM ]========================
Version 2.2.22 [Sep-27-2009]
Started database file "../source/p31comet_result_2_filtered.fa"
Formatted 77 sequences in volume 0
SUCCESS: formatted database ../source/p31comet_for_blast_db

========================[ Mar 18, 2018  3:05 PM ]========================
Version 2.2.22 [Sep-27-2009]
Started database file "../source/CoA_transf_3_result_2_filtered.fa"
Formatted 300 sequences in volume 0
SUCCESS: formatted database ../source/CoA_transf_3_for_blast_db

========================[ Mar 20, 2018 12:03 PM ]========================
Version 2.2.22 [Sep-27-2009]
Started database file "../source/p31comet_result_2_filtered.fa"
Formatted 143 sequences in volume 0
SUCCESS: formatted database ../source/p31comet_for_blast_db

========================[ Mar 21, 2018  3:24 PM ]========================
Version 2.2.22 [Sep-27-2009]
Started database file "../source/p31comet_result_2_filtered.fa"
Formatted 143 sequences in volume 0
SUCCESS: formatted database ../source/p31comet_for_blast_db

========================[ Mar 21, 2018  5:03 PM ]========================
Version 2.2.22 [Sep-27-2009]
Started database file "../source/p31comet_result_2_filtered.fa"
Formatted 143 sequences in volume 0
SUCCESS: formatted database ../source/p31comet_for_blast_db

========================[ Mar 21, 2018  5:11 PM ]========================
Version 2.2.22 [Sep-27-2009]
Started database file "../source/p31comet_result_2_filtered.fa"
Formatted 143 sequences in volume 0
SUCCESS: formatted database ../source/p31comet_for_blast_db

========================[ Mar 21, 2018  5:13 PM ]========================
Version 2.2.22 [Sep-27-2009]
Started database file "../source/p31comet_result_2_filtered.fa"
Formatted 143 sequences in volume 0
SUCCESS: formatted database ../source/p31comet_for_blast_db

========================[ Mar 21, 2018  5:27 PM ]========================
Version 2.2.22 [Sep-27-2009]
Started database file "../source/p31comet_result_2_filtered.fa"
Formatted 143 sequences in volume 0
SUCCESS: formatted database ../source/p31comet_for_blast_db

========================[ Mar 24, 2018  5:18 PM ]========================
Version 2.2.22 [Sep-27-2009]
Started database file "../source/p31comet_result_2_filtered.fa"
Formatted 143 sequences in volume 0
SUCCESS: formatted database ../source/p31comet_for_blast_db

========================[ Mar 25, 2018  6:58 PM ]========================
Version 2.2.22 [Sep-27-2009]
Started database file "../source/CoA_transf_3_result_2_filtered.fa"
Formatted 295 sequences in volume 0
SUCCESS: formatted database ../source/CoA_transf_3_for_blast_db

========================[ Mar 25, 2018  8:19 PM ]========================
Version 2.2.22 [Sep-27-2009]
Started database file "../source/p31comet_result_2_filtered.fa"
Formatted 143 sequences in volume 0
SUCCESS: formatted database ../source/p31comet_for_blast_db

========================[ Mar 25, 2018  8:31 PM ]========================
Version 2.2.22 [Sep-27-2009]
Started database file "../source/p31comet_result_2_filtered.fa"
Formatted 143 sequences in volume 0
SUCCESS: formatted database ../source/p31comet_for_blast_db

========================[ Mar 25, 2018  8:34 PM ]========================
Version 2.2.22 [Sep-27-2009]
Started database file "../source/p31comet_result_2_filtered.fa"
Formatted 143 sequences in volume 0
SUCCESS: formatted database ../source/p31comet_for_blast_db

========================[ Mar 30, 2018 11:01 AM ]========================
Version 2.2.22 [Sep-27-2009]
Started database file "../source/p31comet_result_2_filtered.fa"
Formatted 143 sequences in volume 0
SUCCESS: formatted database ../source/p31comet_for_blast_db

========================[ Mar 30, 2018 11:03 AM ]========================
Version 2.2.22 [Sep-27-2009]
Started database file "../source/p31comet_result_2_filtered.fa"
Formatted 143 sequences in volume 0
SUCCESS: formatted database ../source/p31comet_for_blast_db

========================[ Mar 30, 2018 11:16 AM ]========================
Version 2.2.22 [Sep-27-2009]
Started database file "../source/CoA_transf_3_result_2_filtered.fa"
Formatted 294 sequences in volume 0
SUCCESS: formatted database ../source/CoA_transf_3_for_blast_db

========================[ Apr 4, 2018  3:18 PM ]========================
Version 2.2.22 [Sep-27-2009]
Started database file "../source/p31comet_result_2_filtered.fa"
Formatted 143 sequences in volume 0
SUCCESS: formatted database ../source/p31comet_for_blast_db

========================[ Apr 4, 2018  3:32 PM ]========================
Version 2.2.22 [Sep-27-2009]
Started database file "../source/TPR_12_result_2_filtered.fa"
Formatted 298 sequences in volume 0
SUCCESS: formatted database ../source/TPR_12_for_blast_db

========================[ Apr 4, 2018  4:12 PM ]========================
Version 2.2.22 [Sep-27-2009]
Started database file "../source/TPR_12_result_2_filtered.fa"
Formatted 294 sequences in volume 0
SUCCESS: formatted database ../source/TPR_12_for_blast_db

========================[ Apr 8, 2018  5:12 PM ]========================
Version 2.2.22 [Sep-27-2009]
Started database file "../source/p31comet_result_2_filtered.fa"
Formatted 143 sequences in volume 0
SUCCESS: formatted database ../source/p31comet_for_blast_db

========================[ Apr 8, 2018  5:29 PM ]========================
Version 2.2.22 [Sep-27-2009]
Started database file "../source/p31comet_result_2_filtered.fa"
Formatted 143 sequences in volume 0
SUCCESS: formatted database ../source/p31comet_for_blast_db

========================[ Apr 8, 2018  5:48 PM ]========================
Version 2.2.22 [Sep-27-2009]
Started database file "../source/PB1_result_2_filtered.fa"
Formatted 288 sequences in volume 0
SUCCESS: formatted database ../source/PB1_for_blast_db

========================[ Apr 8, 2018  6:02 PM ]========================
Version 2.2.22 [Sep-27-2009]
Started database file "../source/PB1_result_2_filtered.fa"
Formatted 296 sequences in volume 0
SUCCESS: formatted database ../source/PB1_for_blast_db

========================[ Apr 8, 2018  6:07 PM ]========================
Version 2.2.22 [Sep-27-2009]
Started database file "../source/PB1_result_2_filtered.fa"
Formatted 481 sequences in volume 0
SUCCESS: formatted database ../source/PB1_for_blast_db

========================[ May 15, 2018 11:51 AM ]========================
Version 2.2.22 [Sep-27-2009]
Started database file "../source/p31comet_result_2_filtered.fa"
Formatted 143 sequences in volume 0
SUCCESS: formatted database ../source/p31comet_for_blast_db

========================[ May 15, 2018  2:24 PM ]========================
Version 2.2.22 [Sep-27-2009]
Started database file "../source/p31comet_result_2_filtered.fa"
Formatted 143 sequences in volume 0
SUCCESS: formatted database ../source/p31comet_for_blast_db

========================[ May 15, 2018  2:38 PM ]========================
Version 2.2.22 [Sep-27-2009]
Started database file "../source/p31comet_result_2_filtered.fa"
Formatted 143 sequences in volume 0
SUCCESS: formatted database ../source/p31comet_for_blast_db

========================[ May 15, 2018  2:44 PM ]========================
Version 2.2.22 [Sep-27-2009]
Started database file "../source/p31comet_result_2_filtered.fa"
Formatted 143 sequences in volume 0
SUCCESS: formatted database ../source/p31comet_for_blast_db

========================[ May 15, 2018  2:46 PM ]========================
Version 2.2.22 [Sep-27-2009]
Started database file "../source/DGCR6_result_2_filtered.fa"
Formatted 244 sequences in volume 0
SUCCESS: formatted database ../source/DGCR6_for_blast_db

========================[ May 17, 2018  3:37 PM ]========================
Version 2.2.22 [Sep-27-2009]
Started database file "../source/DGCR6_result_2_filtered.fa"
Formatted 244 sequences in volume 0
SUCCESS: formatted database ../source/DGCR6_for_blast_db

========================[ May 17, 2018  3:40 PM ]========================
Version 2.2.22 [Sep-27-2009]
Started database file "../source/DGCR6_result_2_filtered.fa"
Formatted 244 sequences in volume 0
SUCCESS: formatted database ../source/DGCR6_for_blast_db

========================[ Mar 4, 2019 11:18 AM ]========================
Version 2.2.22 [Sep-27-2009]
Started database file "../source/p31comet_result_2_filtered.fa"
Formatted 196 sequences in volume 0
SUCCESS: formatted database ../source/p31comet_for_blast_db

========================[ May 15, 2021  5:39 PM ]========================
Version 2.2.22 [Sep-27-2009]
Started database file "../source/p31comet_result_2_filtered.fa"
Formatted 328 sequences in volume 0
SUCCESS: formatted database ../source/p31comet_for_blast_db

========================[ May 15, 2021  5:42 PM ]========================
Version 2.2.22 [Sep-27-2009]
Started database file "../source/p31comet_result_2_filtered.fa"
Formatted 329 sequences in volume 0
SUCCESS: formatted database ../source/p31comet_for_blast_db

========================[ May 15, 2021  5:48 PM ]========================
Version 2.2.22 [Sep-27-2009]
Started database file "../source/p31comet_result_2_filtered.fa"
Formatted 329 sequences in volume 0
SUCCESS: formatted database ../source/p31comet_for_blast_db

========================[ May 15, 2021  5:49 PM ]========================
Version 2.2.22 [Sep-27-2009]
Started database file "../source/p31comet_result_2_filtered.fa"
Formatted 329 sequences in volume 0
SUCCESS: formatted database ../source/p31comet_for_blast_db

========================[ May 15, 2021  5:50 PM ]========================
Version 2.2.22 [Sep-27-2009]
Started database file "../source/p31comet_result_2_filtered.fa"
Formatted 329 sequences in volume 0
SUCCESS: formatted database ../source/p31comet_for_blast_db

========================[ May 15, 2021  5:51 PM ]========================
Version 2.2.22 [Sep-27-2009]
Started database file "../source/p31comet_result_2_filtered.fa"
Formatted 329 sequences in volume 0
SUCCESS: formatted database ../source/p31comet_for_blast_db

========================[ May 15, 2021  5:53 PM ]========================
Version 2.2.22 [Sep-27-2009]
Started database file "../source/p31comet_result_2_filtered.fa"
Formatted 329 sequences in volume 0
SUCCESS: formatted database ../source/p31comet_for_blast_db

========================[ May 15, 2021  5:56 PM ]========================
Version 2.2.22 [Sep-27-2009]
Started database file "../source/p31comet_result_2_filtered.fa"
Formatted 329 sequences in volume 0
SUCCESS: formatted database ../source/p31comet_for_blast_db

========================[ May 15, 2021  5:58 PM ]========================
Version 2.2.22 [Sep-27-2009]
Started database file "../source/p31comet_result_2_filtered.fa"
Formatted 329 sequences in volume 0
SUCCESS: formatted database ../source/p31comet_for_blast_db

========================[ May 15, 2021  6:02 PM ]========================
Version 2.2.22 [Sep-27-2009]
Started database file "../source/p31comet_result_2_filtered.fa"
Formatted 329 sequences in volume 0
SUCCESS: formatted database ../source/p31comet_for_blast_db

========================[ May 15, 2021  6:04 PM ]========================
Version 2.2.22 [Sep-27-2009]
Started database file "../source/p31comet_result_2_filtered.fa"
Formatted 329 sequences in volume 0
SUCCESS: formatted database ../source/p31comet_for_blast_db

========================[ May 15, 2021  6:06 PM ]========================
Version 2.2.22 [Sep-27-2009]
Started database file "../source/p31comet_result_2_filtered.fa"
Formatted 329 sequences in volume 0
SUCCESS: formatted database ../source/p31comet_for_blast_db

========================[ May 15, 2021  6:09 PM ]========================
Version 2.2.22 [Sep-27-2009]
Started database file "../source/p31comet_result_2_filtered.fa"
Formatted 329 sequences in volume 0
SUCCESS: formatted database ../source/p31comet_for_blast_db

========================[ May 15, 2021  6:34 PM ]========================
Version 2.2.22 [Sep-27-2009]
Started database file "../source/p31comet_result_2_filtered.fa"
Formatted 329 sequences in volume 0
SUCCESS: formatted database ../source/p31comet_for_blast_db

========================[ May 15, 2021  6:35 PM ]========================
Version 2.2.22 [Sep-27-2009]
Started database file "../source/p31comet_result_2_filtered.fa"
Formatted 329 sequences in volume 0
SUCCESS: formatted database ../source/p31comet_for_blast_db

========================[ May 15, 2021  6:35 PM ]========================
Version 2.2.22 [Sep-27-2009]
Started database file "../source/p31comet_result_2_filtered.fa"
Formatted 329 sequences in volume 0
SUCCESS: formatted database ../source/p31comet_for_blast_db

========================[ May 15, 2021  6:36 PM ]========================
Version 2.2.22 [Sep-27-2009]
Started database file "../source/p31comet_result_2_filtered.fa"
FDBFinish: Empty protein database...
SUCCESS: formatted database ../source/p31comet_for_blast_db

========================[ May 15, 2021  6:46 PM ]========================
Version 2.2.22 [Sep-27-2009]
Started database file "../source/Ig_2_result_2_filtered.fa"
Formatted 182 sequences in volume 0
SUCCESS: formatted database ../source/Ig_2_for_blast_db

========================[ May 16, 2021  4:06 PM ]========================
Version 2.2.22 [Sep-27-2009]
Started database file "../source/Ig_2_result_2_filtered.fa"
FDBFinish: Empty protein database...
SUCCESS: formatted database ../source/Ig_2_for_blast_db

========================[ May 16, 2021  4:15 PM ]========================
Version 2.2.22 [Sep-27-2009]
Started database file "../source/Ig_2_result_2_filtered.fa"
Formatted 17294 sequences in volume 0
SUCCESS: formatted database ../source/Ig_2_for_blast_db

========================[ May 16, 2021  4:30 PM ]========================
Version 2.2.22 [Sep-27-2009]
Started database file "../source/Myosin_tail_1_result_2_filtered.fa"
FDBFinish: Empty protein database...
SUCCESS: formatted database ../source/Myosin_tail_1_for_blast_db

========================[ May 16, 2021  4:32 PM ]========================
Version 2.2.22 [Sep-27-2009]
Started database file "../source/Myosin_tail_1_result_2_filtered.fa"
FDBFinish: Empty protein database...
SUCCESS: formatted database ../source/Myosin_tail_1_for_blast_db

========================[ May 16, 2021  4:40 PM ]========================
Version 2.2.22 [Sep-27-2009]
Started database file "../source/PDGF_result_2_filtered.fa"
Formatted 3280 sequences in volume 0
SUCCESS: formatted database ../source/PDGF_for_blast_db

========================[ May 16, 2021  4:47 PM ]========================
Version 2.2.22 [Sep-27-2009]
Started database file "../source/PDGF_result_2_filtered.fa"
Formatted 3280 sequences in volume 0
SUCCESS: formatted database ../source/PDGF_for_blast_db

========================[ May 16, 2021  4:48 PM ]========================
Version 2.2.22 [Sep-27-2009]
Started database file "../source/PDGF_result_2_filtered.fa"
Formatted 3280 sequences in volume 0
SUCCESS: formatted database ../source/PDGF_for_blast_db

========================[ May 16, 2021  4:50 PM ]========================
Version 2.2.22 [Sep-27-2009]
Started database file "../source/Integrin_beta_result_2_filtered.fa"
Formatted 4076 sequences in volume 0
SUCCESS: formatted database ../source/Integrin_beta_for_blast_db

========================[ May 16, 2021  4:59 PM ]========================
Version 2.2.22 [Sep-27-2009]
Started database file "../source/Integrin_beta_result_2_filtered.fa"
Formatted 4076 sequences in volume 0
SUCCESS: formatted database ../source/Integrin_beta_for_blast_db

========================[ May 16, 2021  5:03 PM ]========================
Version 2.2.22 [Sep-27-2009]
Started database file "../source/Integrin_beta_result_2_filtered.fa"
Formatted 4076 sequences in volume 0
SUCCESS: formatted database ../source/Integrin_beta_for_blast_db

========================[ May 16, 2021  5:09 PM ]========================
Version 2.2.22 [Sep-27-2009]
Started database file "../source/Integrin_beta_result_2_filtered.fa"
Formatted 4076 sequences in volume 0
SUCCESS: formatted database ../source/Integrin_beta_for_blast_db

========================[ May 16, 2021  5:13 PM ]========================
Version 2.2.22 [Sep-27-2009]
Started database file "../source/Actin_result_2_filtered.fa"
FDBFinish: Empty protein database...
SUCCESS: formatted database ../source/Actin_for_blast_db

========================[ May 16, 2021  5:28 PM ]========================
Version 2.2.22 [Sep-27-2009]
Started database file "../source/Actin_result_2_filtered.fa"
Formatted 25600 sequences in volume 0
SUCCESS: formatted database ../source/Actin_for_blast_db

========================[ May 16, 2021  5:35 PM ]========================
Version 2.2.22 [Sep-27-2009]
Started database file "../source/Actin_result_2_filtered.fa"
Formatted 25600 sequences in volume 0
SUCCESS: formatted database ../source/Actin_for_blast_db

========================[ May 16, 2021  6:30 PM ]========================
Version 2.2.22 [Sep-27-2009]
Started database file "../source/Actin_result_2_filtered.fa"
Formatted 25600 sequences in volume 0
SUCCESS: formatted database ../source/Actin_for_blast_db

========================[ May 16, 2021  6:37 PM ]========================
Version 2.2.22 [Sep-27-2009]
Started database file "../source/Actin_result_2_filtered.fa"
Formatted 25600 sequences in volume 0
SUCCESS: formatted database ../source/Actin_for_blast_db

========================[ May 16, 2021  6:47 PM ]========================
Version 2.2.22 [Sep-27-2009]
Started database file "../source/Actin_result_2_filtered.fa"
Formatted 25600 sequences in volume 0
SUCCESS: formatted database ../source/Actin_for_blast_db

========================[ May 16, 2021  6:49 PM ]========================
Version 2.2.22 [Sep-27-2009]
Started database file "../source/p31comet_result_2_filtered.fa"
Formatted 329 sequences in volume 0
SUCCESS: formatted database ../source/p31comet_for_blast_db

========================[ May 16, 2021  6:53 PM ]========================
Version 2.2.22 [Sep-27-2009]
Started database file "../source/p31comet_result_2_filtered.fa"
Formatted 329 sequences in volume 0
SUCCESS: formatted database ../source/p31comet_for_blast_db

========================[ May 16, 2021  6:57 PM ]========================
Version 2.2.22 [Sep-27-2009]
Started database file "../source/p31comet_result_2_filtered.fa"
Formatted 329 sequences in volume 0
SUCCESS: formatted database ../source/p31comet_for_blast_db

========================[ May 16, 2021  6:59 PM ]========================
Version 2.2.22 [Sep-27-2009]
Started database file "../source/p31comet_result_2_filtered.fa"
Formatted 329 sequences in volume 0
SUCCESS: formatted database ../source/p31comet_for_blast_db

========================[ May 16, 2021  7:01 PM ]========================
Version 2.2.22 [Sep-27-2009]
Started database file "../source/p31comet_result_2_filtered.fa"
Formatted 329 sequences in volume 0
SUCCESS: formatted database ../source/p31comet_for_blast_db

========================[ May 16, 2021  7:07 PM ]========================
Version 2.2.22 [Sep-27-2009]
Started database file "../source/p31comet_result_2_filtered.fa"
Formatted 329 sequences in volume 0
SUCCESS: formatted database ../source/p31comet_for_blast_db

========================[ May 16, 2021  7:07 PM ]========================
Version 2.2.22 [Sep-27-2009]
Started database file "../source/p31comet_result_2_filtered.fa"
Formatted 329 sequences in volume 0
SUCCESS: formatted database ../source/p31comet_for_blast_db

========================[ May 16, 2021  7:08 PM ]========================
Version 2.2.22 [Sep-27-2009]
Started database file "../source/p31comet_result_2_filtered.fa"
Formatted 329 sequences in volume 0
SUCCESS: formatted database ../source/p31comet_for_blast_db

========================[ May 16, 2021  7:08 PM ]========================
Version 2.2.22 [Sep-27-2009]
Started database file "../source/p31comet_result_2_filtered.fa"
Formatted 329 sequences in volume 0
SUCCESS: formatted database ../source/p31comet_for_blast_db

========================[ May 16, 2021  7:10 PM ]========================
Version 2.2.22 [Sep-27-2009]
Started database file "../source/p31comet_result_2_filtered.fa"
Formatted 329 sequences in volume 0
SUCCESS: formatted database ../source/p31comet_for_blast_db

========================[ May 16, 2021  7:11 PM ]========================
Version 2.2.22 [Sep-27-2009]
Started database file "../source/p31comet_result_2_filtered.fa"
Formatted 329 sequences in volume 0
SUCCESS: formatted database ../source/p31comet_for_blast_db

========================[ May 16, 2021  7:11 PM ]========================
Version 2.2.22 [Sep-27-2009]
Started database file "../source/p31comet_result_2_filtered.fa"
Formatted 329 sequences in volume 0
SUCCESS: formatted database ../source/p31comet_for_blast_db

========================[ May 16, 2021  7:19 PM ]========================
Version 2.2.22 [Sep-27-2009]
Started database file "../source/p31comet_result_2_filtered.fa"
Formatted 329 sequences in volume 0
SUCCESS: formatted database ../source/p31comet_for_blast_db

========================[ May 16, 2021  7:24 PM ]========================
Version 2.2.22 [Sep-27-2009]
Started database file "../source/p31comet_result_2_filtered.fa"
Formatted 329 sequences in volume 0
SUCCESS: formatted database ../source/p31comet_for_blast_db

========================[ May 16, 2021  7:49 PM ]========================
Version 2.2.22 [Sep-27-2009]
Started database file "../source/p31comet_result_2_filtered.fa"
Formatted 329 sequences in volume 0
SUCCESS: formatted database ../source/p31comet_for_blast_db

========================[ May 16, 2021  7:57 PM ]========================
Version 2.2.22 [Sep-27-2009]
Started database file "../source/Actin_result_2_filtered.fa"
Formatted 25600 sequences in volume 0
SUCCESS: formatted database ../source/Actin_for_blast_db

========================[ May 16, 2021  8:19 PM ]========================
Version 2.2.22 [Sep-27-2009]
Started database file "../source/Integrin_beta_result_2_filtered.fa"
Formatted 4076 sequences in volume 0
SUCCESS: formatted database ../source/Integrin_beta_for_blast_db

========================[ May 16, 2021  8:29 PM ]========================
Version 2.2.22 [Sep-27-2009]
Started database file "../source/Thiolase_N_result_2_filtered.fa"
Formatted 41359 sequences in volume 0
SUCCESS: formatted database ../source/Thiolase_N_for_blast_db

========================[ May 16, 2021  8:44 PM ]========================
Version 2.2.22 [Sep-27-2009]
Started database file "../source/Actin_result_2_filtered.fa"
Formatted 25600 sequences in volume 0
SUCCESS: formatted database ../source/Actin_for_blast_db

========================[ May 16, 2021  9:38 PM ]========================
Version 2.2.22 [Sep-27-2009]
Started database file "../source/Actin_result_2_filtered.fa"
Formatted 25600 sequences in volume 0
SUCCESS: formatted database ../source/Actin_for_blast_db
